c:\users\admin\documents\mr\intermediate\cstrike\release\vc145.pdb
c:\users\admin\documents\mr\intermediate\cstrike\release\zydis.obj
c:\users\admin\documents\mr\intermediate\cstrike\release\rage.obj
c:\users\admin\documents\mr\intermediate\cstrike\release\vector.obj
c:\users\admin\documents\mr\intermediate\cstrike\release\memory.obj
c:\users\admin\documents\mr\intermediate\cstrike\release\misc.obj
c:\users\admin\documents\mr\intermediate\cstrike\release\imgui_freetype.obj
c:\users\admin\documents\mr\intermediate\cstrike\release\config.obj
c:\users\admin\documents\mr\intermediate\cstrike\release\keyvalues3.obj
c:\users\admin\documents\mr\intermediate\cstrike\release\inputsystem.obj
c:\users\admin\documents\mr\intermediate\cstrike\release\svg.obj
c:\users\admin\documents\mr\intermediate\cstrike\release\imgui_widgets.obj
c:\users\admin\documents\mr\intermediate\cstrike\release\interfaces.obj
c:\users\admin\documents\mr\intermediate\cstrike\release\math.obj
c:\users\admin\documents\mr\intermediate\cstrike\release\shell.obj
c:\users\admin\documents\mr\intermediate\cstrike\release\imgui.obj
c:\users\admin\documents\mr\intermediate\cstrike\release\schema.obj
c:\users\admin\documents\mr\intermediate\cstrike\release\visuals.obj
c:\users\admin\documents\mr\intermediate\cstrike\release\keybind.obj
c:\users\admin\documents\mr\intermediate\cstrike\release\players.obj
c:\users\admin\documents\mr\intermediate\cstrike\release\chamss.obj
c:\users\admin\documents\mr\intermediate\cstrike\release\matrix.obj
c:\users\admin\documents\mr\intermediate\cstrike\release\log.obj
c:\users\admin\documents\mr\intermediate\cstrike\release\button.obj
c:\users\admin\documents\mr\intermediate\cstrike\release\legit.obj
c:\users\admin\documents\mr\intermediate\cstrike\release\entity.obj
c:\users\admin\documents\mr\intermediate\cstrike\release\combo.obj
c:\users\admin\documents\mr\intermediate\cstrike\release\imgui_impl_win32.obj
c:\users\admin\documents\mr\intermediate\cstrike\release\hooks.obj
c:\users\admin\documents\mr\intermediate\cstrike\release\sliders.obj
c:\users\admin\documents\mr\intermediate\cstrike\release\skins.obj
c:\users\admin\documents\mr\intermediate\cstrike\release\imgui_impl_dx11.obj
c:\users\admin\documents\mr\intermediate\cstrike\release\menu.obj
c:\users\admin\documents\mr\intermediate\cstrike\release\draw.obj
c:\users\admin\documents\mr\intermediate\cstrike\release\safetyhook.obj
c:\users\admin\documents\mr\intermediate\cstrike\release\overlay.obj
c:\users\admin\documents\mr\intermediate\cstrike\release\listbox.obj
c:\users\admin\documents\mr\intermediate\cstrike\release\imgui_demo.obj
c:\users\admin\documents\mr\intermediate\cstrike\release\cgametracemanager.obj
c:\users\admin\documents\mr\intermediate\cstrike\release\features.obj
c:\users\admin\documents\mr\intermediate\cstrike\release\input.obj
c:\users\admin\documents\mr\intermediate\cstrike\release\imgui_draw.obj
c:\users\admin\documents\mr\intermediate\cstrike\release\convars.obj
c:\users\admin\documents\mr\intermediate\cstrike\release\sdk.obj
c:\users\admin\documents\mr\intermediate\cstrike\release\qangle.obj
c:\users\admin\documents\mr\intermediate\cstrike\release\gui.obj
c:\users\admin\documents\mr\intermediate\cstrike\release\fonts.obj
c:\users\admin\documents\mr\intermediate\cstrike\release\imgui_tables.obj
c:\users\admin\documents\mr\intermediate\cstrike\release\core.obj
c:\users\admin\documents\mr\intermediate\cstrike\release\checkbox.obj
c:\users\admin\documents\mr\intermediate\cstrike\release\tabs.obj
c:\users\admin\documents\mr\intermediate\cstrike\release\aa.obj
c:\users\admin\documents\mr\intermediate\cstrike\release\gui_legit.obj
c:\users\admin\documents\mr\intermediate\cstrike\release\gui_visuals.obj
c:\users\admin\documents\mr\intermediate\cstrike\release\gui_rage.obj
c:\users\admin\documents\mr\intermediate\cstrike\release\gui_config.obj
c:\users\admin\documents\mr\build\release\cstrike.dll
c:\users\admin\documents\mr\build\release\cstrike.pdb
c:\users\admin\documents\mr\intermediate\cstrike\release\cstrike.ipdb
c:\users\admin\documents\mr\intermediate\cstrike\release\cstrike.iobj
c:\users\admin\documents\mr\intermediate\cstrike\release\cstrike.vcxproj.filelistabsolute.txt
c:\users\admin\documents\mr\intermediate\cstrike\release\cstrike.tlog\cl.command.1.tlog
c:\users\admin\documents\mr\intermediate\cstrike\release\cstrike.tlog\cl.items.tlog
c:\users\admin\documents\mr\intermediate\cstrike\release\cstrike.tlog\cl.read.1.tlog
c:\users\admin\documents\mr\intermediate\cstrike\release\cstrike.tlog\cl.write.1.tlog
c:\users\admin\documents\mr\intermediate\cstrike\release\cstrike.tlog\link.command.1.tlog
c:\users\admin\documents\mr\intermediate\cstrike\release\cstrike.tlog\link.read.1.tlog
c:\users\admin\documents\mr\intermediate\cstrike\release\cstrike.tlog\link.secondary.1.tlog
c:\users\admin\documents\mr\intermediate\cstrike\release\cstrike.tlog\link.write.1.tlog
